[2025-12-09 16:30:42] Nouveau message
Nom: moha
Email: Havocesports02@gmail.com
Message: hello ??????????????
--------------------------------------------------------------------------------

[2025-12-09 16:37:16] Nouveau message
Nom: ZhxDEV_BOT
Email: freefirecor09@gmail.com
Message: okokoko
--------------------------------------------------------------------------------

[2025-12-09 18:47:50] Nouveau message
Nom: Mehdi Miski
Email: miskimehdi324@gmail.com
Message: Bonne chance
--------------------------------------------------------------------------------

[2025-12-10 05:45:46] Nouveau message
Nom: Chahob
Email: chahob@hotmail.com
Message: Chahob zaml
--------------------------------------------------------------------------------

